Running: C:\Xilinx\14.4\ISE_DS\ISE\bin\nt64\unwrapped\fuse.exe -intstyle ise -incremental -o C:/Users/ddvergsten/Documents/GitHub/VHDLExamples/ch04/binarycounter4_4/bin_counter_tb_isim_beh.exe -prj C:/Users/ddvergsten/Documents/GitHub/VHDLExamples/ch04/binarycounter4_4/bin_counter_tb_beh.prj work.bin_counter_tb 
ISim P.49d (signature 0x7708f090)
Number of CPUs detected in this system: 4
Turning on mult-threading, number of parallel sub-compilation jobs: 8 
Determining compilation order of HDL files
Parsing VHDL file "C:/Users/ddvergsten/Documents/GitHub/VHDLExamples/ch04/binarycounter4_4/../list_ch04_10_bin_u.vhd" into library work
Parsing VHDL file "C:/Users/ddvergsten/Documents/GitHub/VHDLExamples/ch04/binarycounter4_4/../list_ch04_12_bin_tb.vhd" into library work
Starting static elaboration
Completed static elaboration
Compiling package standard
Compiling package std_logic_1164
Compiling package numeric_std
Compiling architecture arch of entity univ_bin_counter [\univ_bin_counter(3)\]
Compiling architecture arch of entity bin_counter_tb
Time Resolution for simulation is 1ps.
Waiting for 1 sub-compilation(s) to finish...
Compiled 6 VHDL Units
Built simulation executable C:/Users/ddvergsten/Documents/GitHub/VHDLExamples/ch04/binarycounter4_4/bin_counter_tb_isim_beh.exe
Fuse Memory Usage: 36044 KB
Fuse CPU Usage: 499 ms
