Command line:
   greaterThan_tb_isim_beh.exe
     -simmode  gui
     -simrunnum  0
     -socket  64908

Wed Mar 18 12:16:55 2015


 Elaboration Time: 0.1248 sec

 Current Memory Usage: 1318.24 Meg

 Total Signals          : 9
 Total Nets             : 8
 Total Signal Drivers   : 6
 Total Blocks           : 3
 Total Primitive Blocks : 2
 Total Processes        : 5
 Total Traceable Variables  : 8
 Total Scalar Nets and Variables : 368
Total Line Count : 26

 Total Simulation Time: 0.546004 sec

 Current Memory Usage: 846.361 Meg

Wed Mar 18 12:18:58 2015

